open time: 4914 Wed Sep 28 23:22:38 2016
:0100000f 10 0 9850 34736f636b6574246f70656e0a099c3139322e3136382e302e3235323a3538363638
:01000003 1 4 9855 2210000001
:01000010 1 5 9855 
:0100000f 10 0 24875 34736f636b65742c636c6f73650a09
:0100000f 1 6 24875 
:0100000f 10 0 26983 34736f636b6574246f70656e0a0a9c3139322e3136382e302e3235323a3538373030
:01000003 1 7 26983 2212000001
:01000012 1 8 26983 
:0100000f 10 0 38100 34736f636b6574246f70656e0a0b7c3132372e302e302e313a3332393836
:01000003 1 9 38100 2219000001
:01000019 1 10 38100 
:0100000f 10 0 38379 34736f636b65742c636c6f73650a0b
:0100000f 1 11 38379 
:0100000f 10 0 52988 34736f636b65742c636c6f73650a0a
:0100000f 1 12 52988 
:0100000f 10 0 119934 34736f636b6574246f70656e0a0c9c3139322e3136382e302e3235323a3138353030
:01000003 1 13 119934 2220000001
:01000020 1 14 119934 
:0100000f 10 0 129782 34736f636b65742c6572726f720a0cc4436f6e6e656374696f6e2072657365742062792070656572
:0100000f 1 15 129782 
:0100000f 10 0 131626 34736f636b6574246f70656e0a0d9c3139322e3136382e302e3235323a3138353337
:01000003 1 16 131626 2222000001
:01000022 1 17 131626 
:0100000f 10 0 133332 34736f636b65742c636c6f73650a0d
:0100000f 1 18 133332 
:0100000f 10 0 203291 34736f636b6574246f70656e0a0e9c3139322e3136382e302e3235323a3139343030
:01000003 1 19 203291 2229000001
:01000029 1 20 203291 
:0100000f 10 0 204289 34736f636b65742c636c6f73650a0e
:0100000f 1 21 204289 
:0100000f 10 0 239691 34736f636b6574246f70656e0a0f9c3139322e3136382e302e3235323a3139353032
:01000003 1 22 239691 2230000001
:01000030 1 23 239691 
:0100000f 10 0 239857 34736f636b65742c636c6f73650a0f
:0100000f 1 24 239857 
:0100000f 10 0 241097 34736f636b6574246f70656e0a109c3139322e3136382e302e3235323a3139353133
:01000003 1 25 241097 2232000001
:01000032 1 26 241097 
:0100000f 10 0 242190 34736f636b65742c636c6f73650a10
:0100000f 1 27 242190 
:0100000f 10 0 360771 34736f636b6574246f70656e0a117c3132372e302e302e313a3332393838
:01000003 1 28 360774 2239000001
:01000039 1 29 360774 
:0100000f 10 0 370808 34736f636b65742c636c6f73650a11
:0100000f 1 30 370808 
:0100000f 10 0 370939 34736f636b6574246f70656e0a127c3132372e302e302e313a3332393930
:01000003 1 31 370940 2240000001
:01000040 1 32 370940 
:0100000f 10 0 374159 34736f636b65742c636c6f73650a12
:0100000f 1 33 374159 
:0100000f 10 0 383884 34736f636b6574246f70656e0a137c3132372e302e302e313a3332393932
:01000003 1 34 383884 2242000001
:01000042 1 35 383884 
:0100000f 10 0 403893 34736f636b65742c636c6f73650a13
:0100000f 1 36 403893 
:0100000f 10 0 411150 34736f636b6574246f70656e0a147c3132372e302e302e313a3333303030
:01000003 1 37 411150 2249000001
:01000049 1 38 411150 
:0100000f 10 0 411236 34736f636b65742c636c6f73650a14
:0100000f 1 39 411236 
:0100000f 10 0 417986 34736f636b6574246f70656e0a157c3132372e302e302e313a3333303034
:01000003 1 40 417988 2250000001
:01000050 1 41 417988 
:0100000f 10 0 418054 34736f636b65742c636c6f73650a15
:0100000f 1 42 418054 
:0100000f 10 0 427133 34736f636b6574246f70656e0a167c3132372e302e302e313a3333303036
:01000003 1 43 427133 2252000001
:01000052 1 44 427133 
:0100000f 10 0 427181 34736f636b65742c636c6f73650a16
:0100000f 1 45 427181 
:0100000f 10 0 776237 34736f636b6574246f70656e0a179c3139322e3136382e302e3235323a3531333234
:01000003 1 46 776399 2259000001
:01000059 1 47 776400 
:0100000f 10 0 776527 34736f636b65742c636c6f73650a17
:0100000f 1 48 776529 
:0100000f 10 0 800735 34736f636b6574246f70656e0a189c3139322e3136382e302e3235323a3531333731
:01000003 1 49 800739 2260000001
:01000060 1 50 800739 
:0100000f 10 0 801170 34736f636b65742c636c6f73650a18
:0100000f 1 51 801170 
:0100000f 10 0 801818 34736f636b6574246f70656e0a199c3139322e3136382e302e3235323a3531333838
:01000003 1 52 801820 2262000001
:01000062 1 53 801824 
:0100000f 10 0 802008 34736f636b65742c636c6f73650a19
:0100000f 1 54 802008 
