open time: 8349 Wed Sep 28 23:23:12 2016
[socket] 4 7 9 [192.168.0.252:58668]
:01000010 10 2 9855 3c666f72776172640a09
[socket] 2 9 0 [startice task detailþÿÿÿ]
[socket] 1 9 8 0600000415020404
[socket] 1 9 24 16000014550208060210053f68656c6c6f053e776f726c64
[socket] 1 9 8 0600000415020408
[socket] 1 9 24 160000145502080a0210053f68656c6c6f053e776f726c64
[socket] 3 9 0 []
:0100000e 10 6 24875 246b69636b0a09
[socket] 4 7 10 [192.168.0.252:58700]
:01000012 10 2 26983 3c666f72776172640a0a
[socket] 2 10 0 [starte]
[socket] 1 10 8 0600000415020404
[socket] 1 10 24 16000014550208060210053f68656c6c6f053e776f726c64
[socket] 1 10 8 0600000415020408
[socket] 1 10 24 160000145502080a0210053f68656c6c6f053e776f726c64
[socket] 4 7 11 [127.0.0.1:32986]
:01000019 10 2 38100 3c666f72776172640a0b
[socket] 2 11 0 [starte]
[socket] 1 11 28 0004150204040014550208060210053f68656c6c6f053e776f726c64
[socket] 3 11 0 [der]
:0100000e 10 11 38379 246b69636b0a0b
[socket] 3 10 0 [mgr]
:0100000e 10 12 52988 246b69636b0a0a
[socket] 4 7 12 [192.168.0.252:18500]
:01000020 10 2 119934 3c666f72776172640a0c
[socket] 2 12 0 [startng table info]
[socket] 1 12 8 0600000415020404
[socket] 1 12 24 16000014550208060210053f68656c6c6f053e776f726c64
[socket] 5 12 0 [Connection reset by peerct]
:0100000e 10 15 129782 246b69636b0a0c
[socket] 4 7 13 [192.168.0.252:18537]
:01000022 10 2 131626 3c666f72776172640a0d
[socket] 2 13 0 [startice]
[socket] 1 13 8 0600040015020404
[socket] 1 13 24 16001400550208060210053f68656c6c6f053e776f726c64
[socket] 3 13 0 []
:0100000e 10 18 133332 246b69636b0a0d
[socket] 4 7 14 [192.168.0.252:19400]
:01000029 10 2 203291 3c666f72776172640a0e
[socket] 2 14 0 [startce infomation]
[socket] 1 14 8 0600000415020404
[socket] 1 14 24 16000014550208060210053f68656c6c6f053e776f726c64
[socket] 3 14 0 [D]
:0100000e 10 21 204289 246b69636b0a0e
[socket] 4 7 15 [192.168.0.252:19502]
:01000030 10 2 239691 3c666f72776172640a0f
[socket] 2 15 0 [start lua service]
[socket] 3 15 0 [E]
:0100000e 10 24 239857 246b69636b0a0f
[socket] 4 7 16 [192.168.0.252:19513]
:01000032 10 2 241097 3c666f72776172640a10
[socket] 2 16 0 [start 8000]
[socket] 1 16 24 16000014550208040210053f68656c6c6f053e776f726c64
[socket] 3 16 0 [ice]
:0100000e 10 27 242190 246b69636b0a10
[socket] 4 7 17 [127.0.0.1:32988]
:01000039 10 2 360774 3c666f72776172640a11
[socket] 2 17 0 [start]
[socket] 1 17 28 0004150204040014550208060210053f68656c6c6f053e776f726c64
[socket] 3 17 0 [atusþÿÿÿ dù€®]
:0100000e 10 30 370808 246b69636b0a11
[socket] 4 7 18 [127.0.0.1:32990]
:01000040 10 2 370940 3c666f72776172640a12
[socket] 2 18 0 [start]
[socket] 1 18 28 0004150204040014550208060210053f68656c6c6f053e776f726c64
[socket] 3 18 0 []
:0100000e 10 33 374159 246b69636b0a12
[socket] 4 7 19 [127.0.0.1:32992]
:01000042 10 2 383884 3c666f72776172640a13
[socket] 2 19 0 [start]
[socket] 1 19 28 0004150204040014550208060210053f68656c6c6f053e776f726c64
[socket] 3 19 0 []
:0100000e 10 36 403893 246b69636b0a13
[socket] 4 7 20 [127.0.0.1:33000]
:01000049 10 2 411150 3c666f72776172640a14
[socket] 2 20 0 [start]
[socket] 1 20 28 0004150204040014550208060210053f68656c6c6f053e776f726c64
[socket] 3 20 0 []
:0100000e 10 39 411236 246b69636b0a14
[socket] 4 7 21 [127.0.0.1:33004]
:01000050 10 2 417988 3c666f72776172640a15
[socket] 2 21 0 [start]
[socket] 1 21 28 0004150204040014550208060210053f68656c6c6f053e776f726c64
[socket] 3 21 0 []
:0100000e 10 42 418054 246b69636b0a15
[socket] 4 7 22 [127.0.0.1:33006]
:01000052 10 2 427133 3c666f72776172640a16
[socket] 2 22 0 [start]
[socket] 1 22 28 0004150204040014550208060210053f68656c6c6f053e776f726c64
[socket] 3 22 0 [dereþÿÿÿpÞ „®]
:0100000e 10 45 427181 246b69636b0a16
[socket] 4 7 23 [192.168.0.252:51324]
:01000059 10 2 776399 3c666f72776172640a17
[socket] 2 23 0 [start]
[socket] 3 23 0 [mgrhþÿÿÿÐØ­„®]
:0100000e 10 48 776529 246b69636b0a17
[socket] 4 7 24 [192.168.0.252:51371]
:01000060 10 2 800739 3c666f72776172640a18
[socket] 2 24 0 [start]
[socket] 3 24 0 [erdhþÿÿÿ]
:0100000e 10 51 801170 246b69636b0a18
[socket] 4 7 25 [192.168.0.252:51388]
:01000062 10 2 801820 3c666f72776172640a19
[socket] 2 25 0 [start]
[socket] 3 25 0 []
:0100000e 10 54 802008 246b69636b0a19
